-------------------------------------------------------------------------------
Test set: com.aline.usermicroservice.UserRegistrationConfirmationTest
-------------------------------------------------------------------------------
Tests run: 6, Failures: 1, Errors: 0, Skipped: 0, Time elapsed: 6.452 s <<< FAILURE! - in com.aline.usermicroservice.UserRegistrationConfirmationTest
test_sendMemberUserConfirmationEmail_calls_emailService_sendHtmlEmail  Time elapsed: 0.043 s  <<< FAILURE!
org.mockito.exceptions.verification.WantedButNotInvoked: 

Wanted but not invoked:
emailService bean.sendHtmlEmail(
    <any>,
    <any>,
    <any>,
    <any>
);
-> at com.aline.usermicroservice.UserRegistrationConfirmationTest.test_sendMemberUserConfirmationEmail_calls_emailService_sendHtmlEmail(UserRegistrationConfirmationTest.java:107)
Actually, there were zero interactions with this mock.

	at com.aline.usermicroservice.UserRegistrationConfirmationTest.test_sendMemberUserConfirmationEmail_calls_emailService_sendHtmlEmail(UserRegistrationConfirmationTest.java:107)

